This is pdfTeX, Version 3.1415926-2.5-1.40.14 (TeX Live 2013/Debian) (format=pdflatex 2015.8.27)  10 MAY 2016 11:18
entering extended mode
 restricted \write18 enabled.
 %&-line parsing enabled.
**hdr.tex
(./hdr.tex
LaTeX2e <2011/06/27>
Babel <3.9h> and hyphenation patterns for 78 languages loaded.
(/usr/share/texlive/texmf-dist/tex/latex/base/book.cls
Document Class: book 2007/10/19 v1.4h Standard LaTeX document class
(/usr/share/texlive/texmf-dist/tex/latex/base/bk11.clo
File: bk11.clo 2007/10/19 v1.4h Standard LaTeX file (size option)
)
\c@part=\count79
\c@chapter=\count80
\c@section=\count81
\c@subsection=\count82
\c@subsubsection=\count83
\c@paragraph=\count84
\c@subparagraph=\count85
\c@figure=\count86
\c@table=\count87
\abovecaptionskip=\skip41
\belowcaptionskip=\skip42
\bibindent=\dimen102
)
(/usr/share/texlive/texmf-dist/tex/generic/babel/babel.sty
Package: babel 2013/12/03 3.9h The Babel package

(/usr/share/texlive/texmf-dist/tex/generic/babel-french/frenchb.ldf
Language: frenchb 2013/12/30 v2.6g French support from the babel system

(/usr/share/texlive/texmf-dist/tex/generic/babel/babel.def
File: babel.def 2013/12/03 3.9h Babel common definitions
\babel@savecnt=\count88
\U@D=\dimen103
)
\FB@interchartokenstateORI=\count89
Package babel Info: Making : an active character on input line 244.
Package babel Info: Making ; an active character on input line 245.
Package babel Info: Making ! an active character on input line 246.
Package babel Info: Making ? an active character on input line 247.
\FB@Mht=\dimen104
\std@mcc=\count90
\dec@mcc=\count91
\listindentFB=\skip43
\labelwidthFB=\skip44
\leftmarginFB=\skip45
\parindentFFN=\dimen105
))
(/usr/share/texlive/texmf-dist/tex/latex/carlisle/scalefnt.sty)
(/usr/share/texlive/texmf-dist/tex/latex/graphics/keyval.sty
Package: keyval 1999/03/16 v1.13 key=value parser (DPC)
\KV@toks@=\toks14
)
(/usr/share/texlive/texmf-dist/tex/latex/supertabular/supertabular.sty
Package: supertabular 2004/02/20 v4.1e the supertabular environment
\c@tracingst=\count92
\ST@wd=\dimen106
\ST@rightskip=\skip46
\ST@leftskip=\skip47
\ST@parfillskip=\skip48
\ST@pageleft=\dimen107
\ST@headht=\dimen108
\ST@tailht=\dimen109
\ST@pagesofar=\dimen110
\ST@pboxht=\dimen111
\ST@lineht=\dimen112
\ST@stretchht=\dimen113
\ST@prevht=\dimen114
\ST@toadd=\dimen115
\ST@dimen=\dimen116
\ST@pbox=\box26
)
(/usr/share/texlive/texmf-dist/tex/latex/was/gensymb.sty
Package: gensymb 2003/07/02 v1.0 (WaS)
)
(/usr/share/texlive/texmf-dist/tex/latex/amsfonts/amsfonts.sty
Package: amsfonts 2013/01/14 v3.01 Basic AMSFonts support
\@emptytoks=\toks15
\symAMSa=\mathgroup4
\symAMSb=\mathgroup5
LaTeX Font Info:    Overwriting math alphabet `\mathfrak' in version `bold'
(Font)                  U/euf/m/n --> U/euf/b/n on input line 106.
)
(/usr/share/texlive/texmf-dist/tex/latex/amsfonts/amssymb.sty
Package: amssymb 2013/01/14 v3.01 AMS font symbols
)
(/usr/share/texlive/texmf-dist/tex/latex/amsmath/amsmath.sty
Package: amsmath 2013/01/14 v2.14 AMS math features
\@mathmargin=\skip49

For additional information on amsmath, use the `?' option.
(/usr/share/texlive/texmf-dist/tex/latex/amsmath/amstext.sty
Package: amstext 2000/06/29 v2.01

(/usr/share/texlive/texmf-dist/tex/latex/amsmath/amsgen.sty
File: amsgen.sty 1999/11/30 v2.0
\@emptytoks=\toks16
\ex@=\dimen117
))
(/usr/share/texlive/texmf-dist/tex/latex/amsmath/amsbsy.sty
Package: amsbsy 1999/11/29 v1.2d
\pmbraise@=\dimen118
)
(/usr/share/texlive/texmf-dist/tex/latex/amsmath/amsopn.sty
Package: amsopn 1999/12/14 v2.01 operator names
)
\inf@bad=\count93
LaTeX Info: Redefining \frac on input line 210.
\uproot@=\count94
\leftroot@=\count95
LaTeX Info: Redefining \overline on input line 306.
\classnum@=\count96
\DOTSCASE@=\count97
LaTeX Info: Redefining \ldots on input line 378.
LaTeX Info: Redefining \dots on input line 381.
LaTeX Info: Redefining \cdots on input line 466.
\Mathstrutbox@=\box27
\strutbox@=\box28
\big@size=\dimen119
LaTeX Font Info:    Redeclaring font encoding OML on input line 566.
LaTeX Font Info:    Redeclaring font encoding OMS on input line 567.
\macc@depth=\count98
\c@MaxMatrixCols=\count99
\dotsspace@=\muskip10
\c@parentequation=\count100
\dspbrk@lvl=\count101
\tag@help=\toks17
\row@=\count102
\column@=\count103
\maxfields@=\count104
\andhelp@=\toks18
\eqnshift@=\dimen120
\alignsep@=\dimen121
\tagshift@=\dimen122
\tagwidth@=\dimen123
\totwidth@=\dimen124
\lineht@=\dimen125
\@envbody=\toks19
\multlinegap=\skip50
\multlinetaggap=\skip51
\mathdisplay@stack=\toks20
LaTeX Info: Redefining \[ on input line 2665.
LaTeX Info: Redefining \] on input line 2666.
)
(/usr/share/texlive/texmf-dist/tex/latex/amscls/amsthm.sty
Package: amsthm 2004/08/06 v2.20
\thm@style=\toks21
\thm@bodyfont=\toks22
\thm@headfont=\toks23
\thm@notefont=\toks24
\thm@headpunct=\toks25
\thm@preskip=\skip52
\thm@postskip=\skip53
\thm@headsep=\skip54
\dth@everypar=\toks26
)
(/usr/share/texlive/texmf-dist/tex/latex/tools/multicol.sty
Package: multicol 2011/06/27 v1.7a multicolumn formatting (FMi)
\c@tracingmulticols=\count105
\mult@box=\box29
\multicol@leftmargin=\dimen126
\c@unbalance=\count106
\c@collectmore=\count107
\doublecol@number=\count108
\multicoltolerance=\count109
\multicolpretolerance=\count110
\full@width=\dimen127
\page@free=\dimen128
\premulticols=\dimen129
\postmulticols=\dimen130
\multicolsep=\skip55
\multicolbaselineskip=\skip56
\partial@page=\box30
\last@line=\box31
\mult@rightbox=\box32
\mult@grightbox=\box33
\mult@gfirstbox=\box34
\mult@firstbox=\box35
\@tempa=\box36
\@tempa=\box37
\@tempa=\box38
\@tempa=\box39
\@tempa=\box40
\@tempa=\box41
\@tempa=\box42
\@tempa=\box43
\@tempa=\box44
\@tempa=\box45
\@tempa=\box46
\@tempa=\box47
\@tempa=\box48
\@tempa=\box49
\@tempa=\box50
\@tempa=\box51
\@tempa=\box52
\c@columnbadness=\count111
\c@finalcolumnbadness=\count112
\last@try=\dimen131
\multicolovershoot=\dimen132
\multicolundershoot=\dimen133
\mult@nat@firstbox=\box53
\colbreak@box=\box54
\multicol@sort@counter=\count113
)
(/usr/share/texlive/texmf-dist/tex/latex/multirow/multirow.sty
\bigstrutjot=\dimen134
)
(/usr/share/texlive/texmf-dist/tex/latex/comment/comment.sty
\CommentStream=\write3

Excluding comment 'comment')
(/usr/share/texlive/texmf-dist/tex/latex/bezos/accents.sty
Package: accents 2006/05/12 v1.3 Math Accent Tools
\cc@skew=\dimen135
\cc@wd=\dimen136
\cc@code=\count114
\cc@group=\count115
\cc@skewchar=\count116
)
(/usr/share/texlive/texmf-dist/tex/latex/base/inputenc.sty
Package: inputenc 2008/03/30 v1.1d Input encoding file
\inpenc@prehook=\toks27
\inpenc@posthook=\toks28

(/usr/share/texlive/texmf-dist/tex/latex/base/utf8.def
File: utf8.def 2008/04/05 v1.1m UTF-8 support for inputenc
Now handling font encoding OML ...
... no UTF-8 mapping file for font encoding OML
Now handling font encoding T1 ...
... processing UTF-8 mapping file for font encoding T1

(/usr/share/texlive/texmf-dist/tex/latex/base/t1enc.dfu
File: t1enc.dfu 2008/04/05 v1.1m UTF-8 support for inputenc
   defining Unicode char U+00A1 (decimal 161)
   defining Unicode char U+00A3 (decimal 163)
   defining Unicode char U+00AB (decimal 171)
   defining Unicode char U+00BB (decimal 187)
   defining Unicode char U+00BF (decimal 191)
   defining Unicode char U+00C0 (decimal 192)
   defining Unicode char U+00C1 (decimal 193)
   defining Unicode char U+00C2 (decimal 194)
   defining Unicode char U+00C3 (decimal 195)
   defining Unicode char U+00C4 (decimal 196)
   defining Unicode char U+00C5 (decimal 197)
   defining Unicode char U+00C6 (decimal 198)
   defining Unicode char U+00C7 (decimal 199)
   defining Unicode char U+00C8 (decimal 200)
   defining Unicode char U+00C9 (decimal 201)
   defining Unicode char U+00CA (decimal 202)
   defining Unicode char U+00CB (decimal 203)
   defining Unicode char U+00CC (decimal 204)
   defining Unicode char U+00CD (decimal 205)
   defining Unicode char U+00CE (decimal 206)
   defining Unicode char U+00CF (decimal 207)
   defining Unicode char U+00D0 (decimal 208)
   defining Unicode char U+00D1 (decimal 209)
   defining Unicode char U+00D2 (decimal 210)
   defining Unicode char U+00D3 (decimal 211)
   defining Unicode char U+00D4 (decimal 212)
   defining Unicode char U+00D5 (decimal 213)
   defining Unicode char U+00D6 (decimal 214)
   defining Unicode char U+00D8 (decimal 216)
   defining Unicode char U+00D9 (decimal 217)
   defining Unicode char U+00DA (decimal 218)
   defining Unicode char U+00DB (decimal 219)
   defining Unicode char U+00DC (decimal 220)
   defining Unicode char U+00DD (decimal 221)
   defining Unicode char U+00DE (decimal 222)
   defining Unicode char U+00DF (decimal 223)
   defining Unicode char U+00E0 (decimal 224)
   defining Unicode char U+00E1 (decimal 225)
   defining Unicode char U+00E2 (decimal 226)
   defining Unicode char U+00E3 (decimal 227)
   defining Unicode char U+00E4 (decimal 228)
   defining Unicode char U+00E5 (decimal 229)
   defining Unicode char U+00E6 (decimal 230)
   defining Unicode char U+00E7 (decimal 231)
   defining Unicode char U+00E8 (decimal 232)
   defining Unicode char U+00E9 (decimal 233)
   defining Unicode char U+00EA (decimal 234)
   defining Unicode char U+00EB (decimal 235)
   defining Unicode char U+00EC (decimal 236)
   defining Unicode char U+00ED (decimal 237)
   defining Unicode char U+00EE (decimal 238)
   defining Unicode char U+00EF (decimal 239)
   defining Unicode char U+00F0 (decimal 240)
   defining Unicode char U+00F1 (decimal 241)
   defining Unicode char U+00F2 (decimal 242)
   defining Unicode char U+00F3 (decimal 243)
   defining Unicode char U+00F4 (decimal 244)
   defining Unicode char U+00F5 (decimal 245)
   defining Unicode char U+00F6 (decimal 246)
   defining Unicode char U+00F8 (decimal 248)
   defining Unicode char U+00F9 (decimal 249)
   defining Unicode char U+00FA (decimal 250)
   defining Unicode char U+00FB (decimal 251)
   defining Unicode char U+00FC (decimal 252)
   defining Unicode char U+00FD (decimal 253)
   defining Unicode char U+00FE (decimal 254)
   defining Unicode char U+00FF (decimal 255)
   defining Unicode char U+0102 (decimal 258)
   defining Unicode char U+0103 (decimal 259)
   defining Unicode char U+0104 (decimal 260)
   defining Unicode char U+0105 (decimal 261)
   defining Unicode char U+0106 (decimal 262)
   defining Unicode char U+0107 (decimal 263)
   defining Unicode char U+010C (decimal 268)
   defining Unicode char U+010D (decimal 269)
   defining Unicode char U+010E (decimal 270)
   defining Unicode char U+010F (decimal 271)
   defining Unicode char U+0110 (decimal 272)
   defining Unicode char U+0111 (decimal 273)
   defining Unicode char U+0118 (decimal 280)
   defining Unicode char U+0119 (decimal 281)
   defining Unicode char U+011A (decimal 282)
   defining Unicode char U+011B (decimal 283)
   defining Unicode char U+011E (decimal 286)
   defining Unicode char U+011F (decimal 287)
   defining Unicode char U+0130 (decimal 304)
   defining Unicode char U+0131 (decimal 305)
   defining Unicode char U+0132 (decimal 306)
   defining Unicode char U+0133 (decimal 307)
   defining Unicode char U+0139 (decimal 313)
   defining Unicode char U+013A (decimal 314)
   defining Unicode char U+013D (decimal 317)
   defining Unicode char U+013E (decimal 318)
   defining Unicode char U+0141 (decimal 321)
   defining Unicode char U+0142 (decimal 322)
   defining Unicode char U+0143 (decimal 323)
   defining Unicode char U+0144 (decimal 324)
   defining Unicode char U+0147 (decimal 327)
   defining Unicode char U+0148 (decimal 328)
   defining Unicode char U+014A (decimal 330)
   defining Unicode char U+014B (decimal 331)
   defining Unicode char U+0150 (decimal 336)
   defining Unicode char U+0151 (decimal 337)
   defining Unicode char U+0152 (decimal 338)
   defining Unicode char U+0153 (decimal 339)
   defining Unicode char U+0154 (decimal 340)
   defining Unicode char U+0155 (decimal 341)
   defining Unicode char U+0158 (decimal 344)
   defining Unicode char U+0159 (decimal 345)
   defining Unicode char U+015A (decimal 346)
   defining Unicode char U+015B (decimal 347)
   defining Unicode char U+015E (decimal 350)
   defining Unicode char U+015F (decimal 351)
   defining Unicode char U+0160 (decimal 352)
   defining Unicode char U+0161 (decimal 353)
   defining Unicode char U+0162 (decimal 354)
   defining Unicode char U+0163 (decimal 355)
   defining Unicode char U+0164 (decimal 356)
   defining Unicode char U+0165 (decimal 357)
   defining Unicode char U+016E (decimal 366)
   defining Unicode char U+016F (decimal 367)
   defining Unicode char U+0170 (decimal 368)
   defining Unicode char U+0171 (decimal 369)
   defining Unicode char U+0178 (decimal 376)
   defining Unicode char U+0179 (decimal 377)
   defining Unicode char U+017A (decimal 378)
   defining Unicode char U+017B (decimal 379)
   defining Unicode char U+017C (decimal 380)
   defining Unicode char U+017D (decimal 381)
   defining Unicode char U+017E (decimal 382)
   defining Unicode char U+200C (decimal 8204)
   defining Unicode char U+2013 (decimal 8211)
   defining Unicode char U+2014 (decimal 8212)
   defining Unicode char U+2018 (decimal 8216)
   defining Unicode char U+2019 (decimal 8217)
   defining Unicode char U+201A (decimal 8218)
   defining Unicode char U+201C (decimal 8220)
   defining Unicode char U+201D (decimal 8221)
   defining Unicode char U+201E (decimal 8222)
   defining Unicode char U+2030 (decimal 8240)
   defining Unicode char U+2031 (decimal 8241)
   defining Unicode char U+2039 (decimal 8249)
   defining Unicode char U+203A (decimal 8250)
   defining Unicode char U+2423 (decimal 9251)
)
Now handling font encoding OT1 ...
... processing UTF-8 mapping file for font encoding OT1

(/usr/share/texlive/texmf-dist/tex/latex/base/ot1enc.dfu
File: ot1enc.dfu 2008/04/05 v1.1m UTF-8 support for inputenc
   defining Unicode char U+00A1 (decimal 161)
   defining Unicode char U+00A3 (decimal 163)
   defining Unicode char U+00B8 (decimal 184)
   defining Unicode char U+00BF (decimal 191)
   defining Unicode char U+00C5 (decimal 197)
   defining Unicode char U+00C6 (decimal 198)
   defining Unicode char U+00D8 (decimal 216)
   defining Unicode char U+00DF (decimal 223)
   defining Unicode char U+00E6 (decimal 230)
   defining Unicode char U+00EC (decimal 236)
   defining Unicode char U+00ED (decimal 237)
   defining Unicode char U+00EE (decimal 238)
   defining Unicode char U+00EF (decimal 239)
   defining Unicode char U+00F8 (decimal 248)
   defining Unicode char U+0131 (decimal 305)
   defining Unicode char U+0141 (decimal 321)
   defining Unicode char U+0142 (decimal 322)
   defining Unicode char U+0152 (decimal 338)
   defining Unicode char U+0153 (decimal 339)
   defining Unicode char U+2013 (decimal 8211)
   defining Unicode char U+2014 (decimal 8212)
   defining Unicode char U+2018 (decimal 8216)
   defining Unicode char U+2019 (decimal 8217)
   defining Unicode char U+201C (decimal 8220)
   defining Unicode char U+201D (decimal 8221)
)
Now handling font encoding OMS ...
... processing UTF-8 mapping file for font encoding OMS

(/usr/share/texlive/texmf-dist/tex/latex/base/omsenc.dfu
File: omsenc.dfu 2008/04/05 v1.1m UTF-8 support for inputenc
   defining Unicode char U+00A7 (decimal 167)
   defining Unicode char U+00B6 (decimal 182)
   defining Unicode char U+00B7 (decimal 183)
   defining Unicode char U+2020 (decimal 8224)
   defining Unicode char U+2021 (decimal 8225)
   defining Unicode char U+2022 (decimal 8226)
)
Now handling font encoding OMX ...
... no UTF-8 mapping file for font encoding OMX
Now handling font encoding U ...
... no UTF-8 mapping file for font encoding U
   defining Unicode char U+00A9 (decimal 169)
   defining Unicode char U+00AA (decimal 170)
   defining Unicode char U+00AE (decimal 174)
   defining Unicode char U+00BA (decimal 186)
   defining Unicode char U+02C6 (decimal 710)
   defining Unicode char U+02DC (decimal 732)
   defining Unicode char U+200C (decimal 8204)
   defining Unicode char U+2026 (decimal 8230)
   defining Unicode char U+2122 (decimal 8482)
   defining Unicode char U+2423 (decimal 9251)
))
(/usr/share/texlive/texmf-dist/tex/latex/base/fontenc.sty
Package: fontenc 2005/09/27 v1.99g Standard LaTeX package

(/usr/share/texlive/texmf-dist/tex/latex/base/t1enc.def
File: t1enc.def 2005/09/27 v1.99g Standard LaTeX file
LaTeX Font Info:    Redeclaring font encoding T1 on input line 43.
))
(/usr/share/texlive/texmf-dist/tex/latex/cite/cite.sty
LaTeX Info: Redefining \cite on input line 302.
LaTeX Info: Redefining \nocite on input line 373.
Package: cite 2010/09/10  v 5.3
)
(/usr/share/texlive/texmf-dist/tex/latex/subfigure/subfigure.sty
Package: subfigure 2002/03/15 v2.1.5 subfigure package
\subfigtopskip=\skip57
\subfigcapskip=\skip58
\subfigcaptopadj=\dimen137
\subfigbottomskip=\skip59
\subfigcapmargin=\dimen138
\subfiglabelskip=\skip60
\c@subfigure=\count117
\c@lofdepth=\count118
\c@subtable=\count119
\c@lotdepth=\count120

****************************************
* Local config file subfigure.cfg used *
****************************************
(/usr/share/texlive/texmf-dist/tex/latex/subfigure/subfigure.cfg)
\subfig@top=\skip61
\subfig@bottom=\skip62
)
(/usr/share/texlive/texmf-dist/tex/latex/graphics/epsfig.sty
Package: epsfig 1999/02/16 v1.7a (e)psfig emulation (SPQR)

(/usr/share/texlive/texmf-dist/tex/latex/graphics/graphicx.sty
Package: graphicx 1999/02/16 v1.0f Enhanced LaTeX Graphics (DPC,SPQR)

(/usr/share/texlive/texmf-dist/tex/latex/graphics/graphics.sty
Package: graphics 2009/02/05 v1.0o Standard LaTeX Graphics (DPC,SPQR)

(/usr/share/texlive/texmf-dist/tex/latex/graphics/trig.sty
Package: trig 1999/03/16 v1.09 sin cos tan (DPC)
)
(/usr/share/texlive/texmf-dist/tex/latex/latexconfig/graphics.cfg
File: graphics.cfg 2010/04/23 v1.9 graphics configuration of TeX Live
)
Package graphics Info: Driver file: pdftex.def on input line 91.

(/usr/share/texlive/texmf-dist/tex/latex/pdftex-def/pdftex.def
File: pdftex.def 2011/05/27 v0.06d Graphics/color for pdfTeX

(/usr/share/texlive/texmf-dist/tex/generic/oberdiek/infwarerr.sty
Package: infwarerr 2010/04/08 v1.3 Providing info/warning/error messages (HO)
)
(/usr/share/texlive/texmf-dist/tex/generic/oberdiek/ltxcmds.sty
Package: ltxcmds 2011/11/09 v1.22 LaTeX kernel commands for general use (HO)
)
\Gread@gobject=\count121
))
\Gin@req@height=\dimen139
\Gin@req@width=\dimen140
)
\epsfxsize=\dimen141
\epsfysize=\dimen142
)
(/usr/share/texlive/texmf-dist/tex/latex/tools/longtable.sty
Package: longtable 2004/02/01 v4.11 Multi-page Table package (DPC)
\LTleft=\skip63
\LTright=\skip64
\LTpre=\skip65
\LTpost=\skip66
\LTchunksize=\count122
\LTcapwidth=\dimen143
\LT@head=\box55
\LT@firsthead=\box56
\LT@foot=\box57
\LT@lastfoot=\box58
\LT@cols=\count123
\LT@rows=\count124
\c@LT@tables=\count125
\c@LT@chunks=\count126
\LT@p@ftn=\toks29
)
(/usr/share/texlive/texmf-dist/tex/latex/graphics/color.sty
Package: color 2005/11/14 v1.0j Standard LaTeX Color (DPC)

(/usr/share/texlive/texmf-dist/tex/latex/latexconfig/color.cfg
File: color.cfg 2007/01/18 v1.5 color configuration of teTeX/TeXLive
)
Package color Info: Driver file: pdftex.def on input line 130.
)
(./atlasphysics.sty
\hrs=\count127
\minu=\count128
\temptime=\count129
\boxsqbox=\box59
\boxsize=\dimen144
\dkwidth=\dimen145
) (./feynmp.sty
Package: feynmp 1996/12/02 v1.08 LaTeX/MetaPost Feynman Diagram Package (ohl)
\@outfmf=\write4
\fmfbuf@=\toks30
\c@fmfgraph=\count130
) (./arydshln.sty
Package: arydshln 2004/08/31 v1.71 
\dashlinedash=\dimen146
\dashlinegap=\dimen147
\adl@box=\box60
\adl@height=\dimen148
\adl@heightsave=\dimen149
\adl@depth=\dimen150
\adl@depthsave=\dimen151
\adl@finaldepth=\dimen152
\adl@columns=\count131
\adl@ncol=\count132
\adl@currentcolumn=\count133
\adl@currentcolumnsave=\count134
\adl@totalheight=\count135
\adl@totalheightsave=\count136
\adl@dash=\count137
\adl@gap=\count138
\adl@cla=\count139
\adl@clb=\count140
\adl@everyvbox=\toks31
\adl@LTpagetotal=\dimen153
)
(/usr/share/texlive/texmf-dist/tex/latex/fancyhdr/fancyhdr.sty
\fancy@headwidth=\skip67
\f@ncyO@elh=\skip68
\f@ncyO@erh=\skip69
\f@ncyO@olh=\skip70
\f@ncyO@orh=\skip71
\f@ncyO@elf=\skip72
\f@ncyO@erf=\skip73
\f@ncyO@olf=\skip74
\f@ncyO@orf=\skip75
)
\dhatheight=\skip76
 (./hdr.aux)
\openout1 = `hdr.aux'.

LaTeX Font Info:    Checking defaults for OML/cmm/m/it on input line 152.
LaTeX Font Info:    ... okay on input line 152.
LaTeX Font Info:    Checking defaults for T1/cmr/m/n on input line 152.
LaTeX Font Info:    ... okay on input line 152.
LaTeX Font Info:    Checking defaults for OT1/cmr/m/n on input line 152.
LaTeX Font Info:    ... okay on input line 152.
LaTeX Font Info:    Checking defaults for OMS/cmsy/m/n on input line 152.
LaTeX Font Info:    ... okay on input line 152.
LaTeX Font Info:    Checking defaults for OMX/cmex/m/n on input line 152.
LaTeX Font Info:    ... okay on input line 152.
LaTeX Font Info:    Checking defaults for U/cmr/m/n on input line 152.
LaTeX Font Info:    ... okay on input line 152.
LaTeX Info: Redefining \degres on input line 152.
LaTeX Info: Redefining \dots on input line 152.
LaTeX Info: Redefining \up on input line 152.
LaTeX Info: Redefining \celsius on input line 152.
Package gensymb Info: Faking symbols for \degree and \celsius on input line 152
.


Package gensymb Warning: Not defining \perthousand.

LaTeX Info: Redefining \ohm on input line 152.
Package gensymb Info: Using \Omega for \ohm on input line 152.

Package gensymb Warning: Not defining \micro.

(/usr/share/texlive/texmf-dist/tex/context/base/supp-pdf.mkii
[Loading MPS to PDF converter (version 2006.09.02).]
\scratchcounter=\count141
\scratchdimen=\dimen154
\scratchbox=\box61
\nofMPsegments=\count142
\nofMParguments=\count143
\everyMPshowfont=\toks32
\MPscratchCnt=\count144
\MPscratchDim=\dimen155
\MPnumerator=\count145
\makeMPintoPDFobject=\count146
\everyMPtoPDFconversion=\toks33
) (/usr/share/texlive/texmf-dist/tex/generic/oberdiek/pdftexcmds.sty
Package: pdftexcmds 2011/11/29 v0.20 Utility functions of pdfTeX for LuaTeX (HO
)

(/usr/share/texlive/texmf-dist/tex/generic/oberdiek/ifluatex.sty
Package: ifluatex 2010/03/01 v1.3 Provides the ifluatex switch (HO)
Package ifluatex Info: LuaTeX not detected.
)
(/usr/share/texlive/texmf-dist/tex/generic/oberdiek/ifpdf.sty
Package: ifpdf 2011/01/30 v2.3 Provides the ifpdf switch (HO)
Package ifpdf Info: pdfTeX in PDF mode is detected.
)
Package pdftexcmds Info: LuaTeX not detected.
Package pdftexcmds Info: \pdf@primitive is available.
Package pdftexcmds Info: \pdf@ifprimitive is available.
Package pdftexcmds Info: \pdfdraftmode found.
)
(/usr/share/texlive/texmf-dist/tex/latex/oberdiek/epstopdf-base.sty
Package: epstopdf-base 2010/02/09 v2.5 Base part for package epstopdf

(/usr/share/texlive/texmf-dist/tex/latex/oberdiek/grfext.sty
Package: grfext 2010/08/19 v1.1 Manage graphics extensions (HO)

(/usr/share/texlive/texmf-dist/tex/generic/oberdiek/kvdefinekeys.sty
Package: kvdefinekeys 2011/04/07 v1.3 Define keys (HO)
))
(/usr/share/texlive/texmf-dist/tex/latex/oberdiek/kvoptions.sty
Package: kvoptions 2011/06/30 v3.11 Key value format for package options (HO)

(/usr/share/texlive/texmf-dist/tex/generic/oberdiek/kvsetkeys.sty
Package: kvsetkeys 2012/04/25 v1.16 Key value parser (HO)

(/usr/share/texlive/texmf-dist/tex/generic/oberdiek/etexcmds.sty
Package: etexcmds 2011/02/16 v1.5 Avoid name clashes with e-TeX commands (HO)
Package etexcmds Info: Could not find \expanded.
(etexcmds)             That can mean that you are not using pdfTeX 1.50 or
(etexcmds)             that some package has redefined \expanded.
(etexcmds)             In the latter case, load this package earlier.
)))
Package grfext Info: Graphics extension search list:
(grfext)             [.png,.pdf,.jpg,.mps,.jpeg,.jbig2,.jb2,.PNG,.PDF,.JPG,.JPE
G,.JBIG2,.JB2,.eps]
(grfext)             \AppendGraphicsExtensions on input line 452.

(/usr/share/texlive/texmf-dist/tex/latex/latexconfig/epstopdf-sys.cfg
File: epstopdf-sys.cfg 2010/07/13 v1.3 Configuration of (r)epstopdf for TeX Liv
e
))
(./titlepage.tex
LaTeX Font Info:    Try loading font information for U+msa on input line 39.
 (/usr/share/texlive/texmf-dist/tex/latex/amsfonts/umsa.fd
File: umsa.fd 2013/01/14 v3.01 AMS symbols A
)
LaTeX Font Info:    Try loading font information for U+msb on input line 39.

(/usr/share/texlive/texmf-dist/tex/latex/amsfonts/umsb.fd
File: umsb.fd 2013/01/14 v3.01 AMS symbols B
)
Overfull \hbox (49.89418pt too wide) in paragraph at lines 38--49
 [] 
 []

[1


{/var/lib/texmf/fonts/map/pdftex/updmap/pdftex.map}]

Package Fancyhdr Warning: \headheight is too small (12.0pt): 
 Make it at least 13.59999pt.
 We now make it that large for the rest of the document.
 This may cause the page layout to be inconsistent, however.

[2

]) (./remerciements.tex) [1

] [2

] (./hdr.toc [3])
\tf@toc=\write5
\openout5 = `hdr.toc'.

 [4] (./introduction.tex)
(./jetcalib.tex [1


] [2

]
Chapitre 1.
[3]
<figures/fig_09_responseEMscaleVsEta.pdf, id=48, 569.12625pt x 408.52625pt>
File: figures/fig_09_responseEMscaleVsEta.pdf Graphic file (type pdf)

<use figures/fig_09_responseEMscaleVsEta.pdf>
Package pdftex.def Info: figures/fig_09_responseEMscaleVsEta.pdf used on input 
line 46.
(pdftex.def)             Requested size: 284.56242pt x 204.26262pt.


LaTeX Warning: `!h' float specifier changed to `!ht'.

[4]
<figures/fig_22a_JES2010UncertaintyCentral.pdf, id=61, 569.12625pt x 385.44pt>
File: figures/fig_22a_JES2010UncertaintyCentral.pdf Graphic file (type pdf)

<use figures/fig_22a_JES2010UncertaintyCentral.pdf>
Package pdftex.def Info: figures/fig_22a_JES2010UncertaintyCentral.pdf used on 
input line 64.
(pdftex.def)             Requested size: 284.56242pt x 192.71953pt.


LaTeX Warning: `!h' float specifier changed to `!ht'.

[5 <./figures/fig_09_responseEMscaleVsEta.pdf>] [6 <./figures/fig_22a_JES2010Un
certaintyCentral.pdf>]
LaTeX Font Info:    Try loading font information for T1+cmtt on input line 119.

 (/usr/share/texlive/texmf-dist/tex/latex/base/t1cmtt.fd
File: t1cmtt.fd 1999/05/25 v2.5h Standard LaTeX font definitions
) <figures/fig_46a.pdf, id=84, 569.12625pt x 479.7925pt>
File: figures/fig_46a.pdf Graphic file (type pdf)

<use figures/fig_46a.pdf>
Package pdftex.def Info: figures/fig_46a.pdf used on input line 148.
(pdftex.def)             Requested size: 200.3085pt x 168.86697pt.

<figures/fig_46b.pdf, id=85, 569.12625pt x 479.7925pt>
File: figures/fig_46b.pdf Graphic file (type pdf)

<use figures/fig_46b.pdf>
Package pdftex.def Info: figures/fig_46b.pdf used on input line 149.
(pdftex.def)             Requested size: 200.3085pt x 168.86697pt.
 [7] [8 <./figures/fig_46a.pdf, page is rotated 90 degrees> <./figures/fig_46b.
pdf, page is rotated 90 degrees>]
<figures/fig_13a.jpg, id=181, 569.12625pt x 327.2225pt>
File: figures/fig_13a.jpg Graphic file (type jpg)

<use figures/fig_13a.jpg>
Package pdftex.def Info: figures/fig_13a.jpg used on input line 163.
(pdftex.def)             Requested size: 313.0204pt x 179.97292pt.

<figures/fig_78a.jpg, id=182, 569.12625pt x 546.04pt>
File: figures/fig_78a.jpg Graphic file (type jpg)

<use figures/fig_78a.jpg>
Package pdftex.def Info: figures/fig_78a.jpg used on input line 175.
(pdftex.def)             Requested size: 199.19717pt x 191.11685pt.


LaTeX Warning: `!h' float specifier changed to `!ht'.


Underfull \vbox (badness 4660) has occurred while \output is active []

 [9 <./figures/fig_13a.jpg>] [10 <./figures/fig_78a.jpg>]
<figures/fig_47a.pdf, id=189, 569.12625pt x 546.04pt>
File: figures/fig_47a.pdf Graphic file (type pdf)

<use figures/fig_47a.pdf>
Package pdftex.def Info: figures/fig_47a.pdf used on input line 233.
(pdftex.def)             Requested size: 182.09485pt x 174.71136pt.

<figures/fig_47b.pdf, id=190, 569.12625pt x 546.04pt>
File: figures/fig_47b.pdf Graphic file (type pdf)

<use figures/fig_47b.pdf>
Package pdftex.def Info: figures/fig_47b.pdf used on input line 235.
(pdftex.def)             Requested size: 182.09485pt x 174.71136pt.

<figures/fig_47c.pdf, id=191, 569.12625pt x 546.04pt>
File: figures/fig_47c.pdf Graphic file (type pdf)

<use figures/fig_47c.pdf>
Package pdftex.def Info: figures/fig_47c.pdf used on input line 236.
(pdftex.def)             Requested size: 182.09485pt x 174.71136pt.

<figures/fig_47d.pdf, id=192, 569.12625pt x 546.04pt>
File: figures/fig_47d.pdf Graphic file (type pdf)

<use figures/fig_47d.pdf>
Package pdftex.def Info: figures/fig_47d.pdf used on input line 238.
(pdftex.def)             Requested size: 182.09485pt x 174.71136pt.

<figures/fig_48a.pdf, id=193, 569.12625pt x 546.04pt>
File: figures/fig_48a.pdf Graphic file (type pdf)

<use figures/fig_48a.pdf>
Package pdftex.def Info: figures/fig_48a.pdf used on input line 247.
(pdftex.def)             Requested size: 182.09485pt x 174.71136pt.

<figures/fig_48b.pdf, id=194, 569.12625pt x 546.04pt>
File: figures/fig_48b.pdf Graphic file (type pdf)

<use figures/fig_48b.pdf>
Package pdftex.def Info: figures/fig_48b.pdf used on input line 249.
(pdftex.def)             Requested size: 182.09485pt x 174.71136pt.

<figures/fig_48c.pdf, id=195, 569.12625pt x 546.04pt>
File: figures/fig_48c.pdf Graphic file (type pdf)

<use figures/fig_48c.pdf>
Package pdftex.def Info: figures/fig_48c.pdf used on input line 250.
(pdftex.def)             Requested size: 182.09485pt x 174.71136pt.

<figures/fig_48d.pdf, id=196, 569.12625pt x 546.04pt>
File: figures/fig_48d.pdf Graphic file (type pdf)

<use figures/fig_48d.pdf>
Package pdftex.def Info: figures/fig_48d.pdf used on input line 252.
(pdftex.def)             Requested size: 182.09485pt x 174.71136pt.
 [11]
<figures/fig_49a.pdf, id=200, 569.12625pt x 546.04pt>
File: figures/fig_49a.pdf Graphic file (type pdf)

<use figures/fig_49a.pdf>
Package pdftex.def Info: figures/fig_49a.pdf used on input line 266.
(pdftex.def)             Requested size: 182.09485pt x 174.71136pt.

<figures/fig_49b.pdf, id=201, 569.12625pt x 546.04pt>
File: figures/fig_49b.pdf Graphic file (type pdf)

<use figures/fig_49b.pdf>
Package pdftex.def Info: figures/fig_49b.pdf used on input line 268.
(pdftex.def)             Requested size: 182.09485pt x 174.71136pt.

<figures/fig_49c.pdf, id=202, 569.12625pt x 546.04pt>
File: figures/fig_49c.pdf Graphic file (type pdf)

<use figures/fig_49c.pdf>
Package pdftex.def Info: figures/fig_49c.pdf used on input line 269.
(pdftex.def)             Requested size: 182.09485pt x 174.71136pt.

<figures/fig_49d.pdf, id=203, 569.12625pt x 546.04pt>
File: figures/fig_49d.pdf Graphic file (type pdf)

<use figures/fig_49d.pdf>
Package pdftex.def Info: figures/fig_49d.pdf used on input line 271.
(pdftex.def)             Requested size: 182.09485pt x 174.71136pt.
 [12 <./figures/fig_47a.pdf, page is rotated 90 degrees> <./figures/fig_47b.pdf
, page is rotated 90 degrees> <./figures/fig_47c.pdf, page is rotated 90 degree
s> <./figures/fig_47d.pdf, page is rotated 90 degrees>] [13 <./figures/fig_48a.
pdf, page is rotated 90 degrees> <./figures/fig_48b.pdf, page is rotated 90 deg
rees> <./figures/fig_48c.pdf, page is rotated 90 degrees> <./figures/fig_48d.pd
f, page is rotated 90 degrees>]
<figures/fig_50a.pdf, id=557, 569.12625pt x 546.04pt>
File: figures/fig_50a.pdf Graphic file (type pdf)

<use figures/fig_50a.pdf>
Package pdftex.def Info: figures/fig_50a.pdf used on input line 288.
(pdftex.def)             Requested size: 182.09485pt x 174.71136pt.

<figures/fig_50b.pdf, id=558, 569.12625pt x 546.04pt>
File: figures/fig_50b.pdf Graphic file (type pdf)

<use figures/fig_50b.pdf>
Package pdftex.def Info: figures/fig_50b.pdf used on input line 290.
(pdftex.def)             Requested size: 182.09485pt x 174.71136pt.

<figures/fig_50d.pdf, id=559, 569.12625pt x 546.04pt>
File: figures/fig_50d.pdf Graphic file (type pdf)

<use figures/fig_50d.pdf>
Package pdftex.def Info: figures/fig_50d.pdf used on input line 291.
(pdftex.def)             Requested size: 182.09485pt x 174.71136pt.

<figures/fig_50c.pdf, id=560, 569.12625pt x 546.04pt>
File: figures/fig_50c.pdf Graphic file (type pdf)

<use figures/fig_50c.pdf>
Package pdftex.def Info: figures/fig_50c.pdf used on input line 293.
(pdftex.def)             Requested size: 182.09485pt x 174.71136pt.

Underfull \vbox (badness 4913) has occurred while \output is active []

 [14 <./figures/fig_49a.pdf, page is rotated 90 degrees> <./figures/fig_49b.pdf
, page is rotated 90 degrees> <./figures/fig_49c.pdf, page is rotated 90 degree
s> <./figures/fig_49d.pdf, page is rotated 90 degrees>]
<figures/fig_51a.pdf, id=737, 569.12625pt x 546.04pt>
File: figures/fig_51a.pdf Graphic file (type pdf)

<use figures/fig_51a.pdf>
Package pdftex.def Info: figures/fig_51a.pdf used on input line 307.
(pdftex.def)             Requested size: 182.09485pt x 174.71136pt.

<figures/fig_51b.pdf, id=738, 569.12625pt x 546.04pt>
File: figures/fig_51b.pdf Graphic file (type pdf)

<use figures/fig_51b.pdf>
Package pdftex.def Info: figures/fig_51b.pdf used on input line 309.
(pdftex.def)             Requested size: 182.09485pt x 174.71136pt.

<figures/fig_51c.pdf, id=739, 569.12625pt x 546.04pt>
File: figures/fig_51c.pdf Graphic file (type pdf)

<use figures/fig_51c.pdf>
Package pdftex.def Info: figures/fig_51c.pdf used on input line 310.
(pdftex.def)             Requested size: 182.09485pt x 174.71136pt.

<figures/fig_51d.pdf, id=740, 569.12625pt x 546.04pt>
File: figures/fig_51d.pdf Graphic file (type pdf)

<use figures/fig_51d.pdf>
Package pdftex.def Info: figures/fig_51d.pdf used on input line 312.
(pdftex.def)             Requested size: 182.09485pt x 174.71136pt.
 [15 <./figures/fig_50a.pdf, page is rotated 90 degrees> <./figures/fig_50b.pdf
, page is rotated 90 degrees> <./figures/fig_50d.pdf, page is rotated 90 degree
s> <./figures/fig_50c.pdf, page is rotated 90 degrees>]
Underfull \vbox (badness 10000) has occurred while \output is active []

 [16 <./figures/fig_51a.pdf, page is rotated 90 degrees> <./figures/fig_51b.pdf
, page is rotated 90 degrees> <./figures/fig_51c.pdf, page is rotated 90 degree
s> <./figures/fig_51d.pdf, page is rotated 90 degrees>]) (./stat.tex [17] [18

]
Chapitre 2.
[19] [20] [21]
Underfull \hbox (badness 10000) in paragraph at lines 123--125
\T1/cmr/m/n/10.95 où $[]\OML/cmm/m/it/10.95 ^^V$ \T1/cmr/m/n/10.95 est dis-tri-
bué sui-vant une loi nor-male d'es-pé-rance $\OML/cmm/m/it/10.95 ^^V[]$ \T1/cmr
/m/n/10.95 et d'écart-type $\OML/cmm/m/it/10.95 ^^[$\T1/cmr/m/n/10.95 .
 []

[22] [23] [24] [25] [26] [27] [28] [29] [30]
Chapitre 3.
[31

]
Overfull \hbox (8.35847pt too wide) detected at line 382
\OMS/cmsy/m/n/10.95 L\OT1/cmr/m/n/10.95 (\OML/cmm/m/it/10.95 ^^V; \OMS/cmsy/m/n
/10.95 f\OML/cmm/m/it/10.95 s[]; b[]; ^^Q[]\OMS/cmsy/m/n/10.95 g\OT1/cmr/m/n/10
.95 ) = [] [] \OML/cmm/m/it/10.95 f [] [] f [] [] g []
 []

[32] <figures/testStatDistribExample.png, id=1147, 698.61pt x 474.77374pt>
File: figures/testStatDistribExample.png Graphic file (type png)

<use figures/testStatDistribExample.png>
Package pdftex.def Info: figures/testStatDistribExample.png used on input line 
420.
(pdftex.def)             Requested size: 279.43904pt x 189.90613pt.
 [33 <./figures/testStatDistribExample.png>] <figures/plotNormalLogNGamma.pdf, 
id=1152, 422.57875pt x 739.76375pt>
File: figures/plotNormalLogNGamma.pdf Graphic file (type pdf)

<use figures/plotNormalLogNGamma.pdf>
Package pdftex.def Info: figures/plotNormalLogNGamma.pdf used on input line 464
.
(pdftex.def)             Requested size: 227.62204pt x 398.48442pt.
 [34 <./figures/plotNormalLogNGamma.pdf>]
<figures/cFunctionsInterExtrap.pdf, id=1200, 569.12625pt x 418.56375pt>
File: figures/cFunctionsInterExtrap.pdf Graphic file (type pdf)

<use figures/cFunctionsInterExtrap.pdf>
Package pdftex.def Info: figures/cFunctionsInterExtrap.pdf used on input line 5
13.
(pdftex.def)             Requested size: 398.38567pt x 292.99261pt.
 [35 <./figures/cFunctionsInterExtrap.pdf, page is rotated 90 degrees>] [36] [3
7]
<figures/Posterior2DPoissonWithUncertainBkg.pdf, id=1254, 569.12625pt x 548.047
5pt>
File: figures/Posterior2DPoissonWithUncertainBkg.pdf Graphic file (type pdf)
 <use figures/Posterior2DPoissonWithUncertainBkg.pdf>
Package pdftex.def Info: figures/Posterior2DPoissonWithUncertainBkg.pdf used on
 input line 613.
(pdftex.def)             Requested size: 199.19717pt x 191.81949pt.

<figures/PosteriorSignalPoissonWithUncertainBkg.pdf, id=1255, 569.12625pt x 548
.0475pt>
File: figures/PosteriorSignalPoissonWithUncertainBkg.pdf Graphic file (type pdf
)
 <use figures/PosteriorSignalPoissonWithUncertainBkg.pdf>
Package pdftex.def Info: figures/PosteriorSignalPoissonWithUncertainBkg.pdf use
d on input line 614.
(pdftex.def)             Requested size: 199.19717pt x 191.81949pt.

<macros/cMu.png, id=1256, 899.36pt x 473.77pt>
File: macros/cMu.png Graphic file (type png)
 <use macros/cMu.png>
Package pdftex.def Info: macros/cMu.png used on input line 628.
(pdftex.def)             Requested size: 404.70825pt x 213.19452pt.
 [38 <./figures/Posterior2DPoissonWithUncertainBkg.pdf, page is rotated 90 degr
ees> <./figures/PosteriorSignalPoissonWithUncertainBkg.pdf, page is rotated 90 
degrees>]
<figures/SingleChannelNoUncertainties.pdf, id=1346, 569.12625pt x 355.3275pt>
File: figures/SingleChannelNoUncertainties.pdf Graphic file (type pdf)

<use figures/SingleChannelNoUncertainties.pdf>
Package pdftex.def Info: figures/SingleChannelNoUncertainties.pdf used on input
 line 699.
(pdftex.def)             Requested size: 284.56242pt x 177.6633pt.
 [39 <./macros/cMu.png>] [40 <./figures/SingleChannelNoUncertainties.pdf, page 
is rotated 90 degrees>]
<figures/MultipleChannelsNoUncertainties_OTHVsAsymptotic.pdf, id=1396, 569.1262
5pt x 355.3275pt>
File: figures/MultipleChannelsNoUncertainties_OTHVsAsymptotic.pdf Graphic file 
(type pdf)

<use figures/MultipleChannelsNoUncertainties_OTHVsAsymptotic.pdf>
Package pdftex.def Info: figures/MultipleChannelsNoUncertainties_OTHVsAsymptoti
c.pdf used on input line 748.
(pdftex.def)             Requested size: 284.56242pt x 177.6633pt.
 [41 <./figures/MultipleChannelsNoUncertainties_OTHVsAsymptotic.pdf, page is ro
tated 90 degrees>]
<figures/SingleChannelStatUncertNegativeBinomial.pdf, id=1444, 569.12625pt x 23
6.885pt>
File: figures/SingleChannelStatUncertNegativeBinomial.pdf Graphic file (type pd
f)
 <use figures/SingleChannelStatUncertNegativeBinomial.pdf>
Package pdftex.def Info: figures/SingleChannelStatUncertNegativeBinomial.pdf us
ed on input line 780.
(pdftex.def)             Requested size: 398.38567pt x 165.81836pt.

<figures/SingleChannelForComparisonWithUncertaintiesOnBkg.pdf, id=1445, 569.126
25pt x 355.3275pt>
File: figures/SingleChannelForComparisonWithUncertaintiesOnBkg.pdf Graphic file
 (type pdf)

<use figures/SingleChannelForComparisonWithUncertaintiesOnBkg.pdf>
Package pdftex.def Info: figures/SingleChannelForComparisonWithUncertaintiesOnB
kg.pdf used on input line 816.
(pdftex.def)             Requested size: 239.03139pt x 149.23653pt.

<figures/SingleChannelWithUncertaintiesOnBkg.pdf, id=1446, 569.12625pt x 355.32
75pt>
File: figures/SingleChannelWithUncertaintiesOnBkg.pdf Graphic file (type pdf)
 <use figures/SingleChannelWithUncertaintiesOnBkg.pdf>
Package pdftex.def Info: figures/SingleChannelWithUncertaintiesOnBkg.pdf used o
n input line 817.
(pdftex.def)             Requested size: 239.03139pt x 149.23653pt.
 [42 <./figures/SingleChannelStatUncertNegativeBinomial.pdf, page is rotated 90
 degrees> <./figures/SingleChannelForComparisonWithUncertaintiesOnBkg.pdf, page
 is rotated 90 degrees> <./figures/SingleChannelWithUncertaintiesOnBkg.pdf, pag
e is rotated 90 degrees>] <figures/ExclusionPlot_Sgluon.pdf, id=1579, 569.12625
pt x 367.3725pt>
File: figures/ExclusionPlot_Sgluon.pdf Graphic file (type pdf)

<use figures/ExclusionPlot_Sgluon.pdf>
Package pdftex.def Info: figures/ExclusionPlot_Sgluon.pdf used on input line 84
0.
(pdftex.def)             Requested size: 341.47838pt x 220.42519pt.

Underfull \vbox (badness 3713) has occurred while \output is active []

 [43])
(./fourtops.tex [44 <./figures/ExclusionPlot_Sgluon.pdf, page is rotated 90 deg
rees>]
Chapitre 4.
[45

]
\openout4 = `fgraph-ContactGluFu.mp'.

File: fgraph-ContactGluFu.1 Graphic file (type mps)
 [MP to PDF] (./fgraph-ContactGluFu.1) (./fgraph-ContactGluFu.t1)
File: fgraph-ContactGluFu.2 Graphic file (type mps)

[MP to PDF] (./fgraph-ContactGluFu.2) (./fgraph-ContactGluFu.t2)
File: fgraph-ContactGluFu.3 Graphic file (type mps)
 [MP to PDF]
(./fgraph-ContactGluFu.3) (./fgraph-ContactGluFu.t3) [46] [47] [48]
\openout4 = `fgraph-2UEDRPP.mp'.

File: fgraph-2UEDRPP.1 Graphic file (type mps)

[MP to PDF] (./fgraph-2UEDRPP.1) (./fgraph-2UEDRPP.t1)
File: fgraph-2UEDRPP.2 Graphic file (type mps)
 [MP to PDF]
(./fgraph-2UEDRPP.2) (./fgraph-2UEDRPP.t2)
\openout4 = `fgraph-4topsSM.mp'.

File: fgraph-4topsSM.1 Graphic file (type mps)
 [MP to PDF] (./fgraph-4topsSM.1)
(./fgraph-4topsSM.t1) [49]
<figures/STD_END_SELECTION_alladded_HT_alladded.pdf, id=1648, 614.295pt x 794.9
7pt>
File: figures/STD_END_SELECTION_alladded_HT_alladded.pdf Graphic file (type pdf
)
 <use figures/STD_END_SELECTION_alladded_HT_alladded.pdf>
Package pdftex.def Info: figures/STD_END_SELECTION_alladded_HT_alladded.pdf use
d on input line 365.
(pdftex.def)             Requested size: 218.51521pt x 282.78038pt.

<figures/STD_END_SELECTION_alladded_Njets_alladded.pdf, id=1649, 614.295pt x 79
4.97pt>
File: figures/STD_END_SELECTION_alladded_Njets_alladded.pdf Graphic file (type 
pdf)
 <use figures/STD_END_SELECTION_alladded_Njets_alladded.pdf>
Package pdftex.def Info: figures/STD_END_SELECTION_alladded_Njets_alladded.pdf 
used on input line 368.
(pdftex.def)             Requested size: 218.51521pt x 282.78038pt.
 [50]
[51 <./figures/STD_END_SELECTION_alladded_HT_alladded.pdf> <./figures/STD_END_S
ELECTION_alladded_Njets_alladded.pdf>] Excluding 'comment' comment.
Overfull \hbox (2.54128pt too wide) in paragraph at lines 504--505
 [] 
 []


<figures/paperSameSign/ExpectedBackgroundObeservedCategories.pdf, id=1674, 569.
12625pt x 406.51875pt>
File: figures/paperSameSign/ExpectedBackgroundObeservedCategories.pdf Graphic f
ile (type pdf)

<use figures/paperSameSign/ExpectedBackgroundObeservedCategories.pdf>
Package pdftex.def Info: figures/paperSameSign/ExpectedBackgroundObeservedCateg
ories.pdf used on input line 512.
(pdftex.def)             Requested size: 295.90587pt x 211.37234pt.
 [52]
<figures/paperSameSign/Limit4tCI_20fbObs.pdf, id=1678, 569.12625pt x 546.04pt>
File: figures/paperSameSign/Limit4tCI_20fbObs.pdf Graphic file (type pdf)

<use figures/paperSameSign/Limit4tCI_20fbObs.pdf>
Package pdftex.def Info: figures/paperSameSign/Limit4tCI_20fbObs.pdf used on in
put line 554.
(pdftex.def)             Requested size: 223.0721pt x 214.02122pt.

<figures/paperSameSign/RPP_observed_1D11.pdf, id=1679, 569.12625pt x 546.04pt>
File: figures/paperSameSign/RPP_observed_1D11.pdf Graphic file (type pdf)

<use figures/paperSameSign/RPP_observed_1D11.pdf>
Package pdftex.def Info: figures/paperSameSign/RPP_observed_1D11.pdf used on in
put line 557.
(pdftex.def)             Requested size: 223.0721pt x 214.02122pt.
 [53 <./figures/paperSameSign/ExpectedBackgroundObeservedCategories.pdf>]
<figures/paperSameSign/RPP_observed_2D_snapshotfrompaper.pdf, id=1706, 845.1575
pt x 597.23125pt>
File: figures/paperSameSign/RPP_observed_2D_snapshotfrompaper.pdf Graphic file 
(type pdf)

<use figures/paperSameSign/RPP_observed_2D_snapshotfrompaper.pdf>
Package pdftex.def Info: figures/paperSameSign/RPP_observed_2D_snapshotfrompape
r.pdf used on input line 574.
(pdftex.def)             Requested size: 422.57771pt x 298.61488pt.

<macros/significanceContactInteractionMcLimitNormal.pdf, id=1707, 569.12625pt x
 546.04pt>
File: macros/significanceContactInteractionMcLimitNormal.pdf Graphic file (type
 pdf)
 <use macros/significanceContactInteractionMcLimitNormal.pdf>
Package pdftex.def Info: macros/significanceContactInteractionMcLimitNormal.pdf
 used on input line 588.
(pdftex.def)             Requested size: 195.75162pt x 187.8091pt.

<macros/significance2UEDRPPMkk1000McLimitNormal.pdf, id=1708, 569.12625pt x 546
.04pt>
File: macros/significance2UEDRPPMkk1000McLimitNormal.pdf Graphic file (type pdf
)
 <use macros/significance2UEDRPPMkk1000McLimitNormal.pdf>
Package pdftex.def Info: macros/significance2UEDRPPMkk1000McLimitNormal.pdf use
d on input line 589.
(pdftex.def)             Requested size: 195.75162pt x 187.8091pt.

Excluding 'comment' comment. [54 <./figures/paperSameSign/Limit4tCI_20fbObs.pdf
> <./figures/paperSameSign/RPP_observed_1D11.pdf>] [55 <./figures/paperSameSign
/RPP_observed_2D_snapshotfrompaper.pdf> <./macros/significanceContactInteractio
nMcLimitNormal.pdf, page is rotated 90 degrees> <./macros/significance2UEDRPPMk
k1000McLimitNormal.pdf, page is rotated 90 degrees>]
<macros/ExclusionPlot_RPPFullStat_McLimitVsOTHpolyexpo_gammahyper.pdf, id=1881,
 569.12625pt x 546.04pt>
File: macros/ExclusionPlot_RPPFullStat_McLimitVsOTHpolyexpo_gammahyper.pdf Grap
hic file (type pdf)

<use macros/ExclusionPlot_RPPFullStat_McLimitVsOTHpolyexpo_gammahyper.pdf>
Package pdftex.def Info: macros/ExclusionPlot_RPPFullStat_McLimitVsOTHpolyexpo_
gammahyper.pdf used on input line 656.
(pdftex.def)             Requested size: 204.85844pt x 196.54926pt.

<macros/CVsLambdaForContactInteractionMcLimitVsOTHpolyexpogammahyper.pdf, id=18
82, 569.12625pt x 546.04pt>
File: macros/CVsLambdaForContactInteractionMcLimitVsOTHpolyexpogammahyper.pdf G
raphic file (type pdf)

<use macros/CVsLambdaForContactInteractionMcLimitVsOTHpolyexpogammahyper.pdf>
Package pdftex.def Info: macros/CVsLambdaForContactInteractionMcLimitVsOTHpolye
xpogammahyper.pdf used on input line 657.
(pdftex.def)             Requested size: 218.51521pt x 209.6553pt.

[56 <./macros/ExclusionPlot_RPPFullStat_McLimitVsOTHpolyexpo_gammahyper.pdf, pa
ge is rotated 90 degrees> <./macros/CVsLambdaForContactInteractionMcLimitVsOTHp
olyexpogammahyper.pdf, page is rotated 90 degrees>] [57]
<macros/ExclusionPlot_RPPFullStat_OTHVsBayesian.pdf, id=1975, 569.12625pt x 546
.04pt>
File: macros/ExclusionPlot_RPPFullStat_OTHVsBayesian.pdf Graphic file (type pdf
)
 <use macros/ExclusionPlot_RPPFullStat_OTHVsBayesian.pdf>
Package pdftex.def Info: macros/ExclusionPlot_RPPFullStat_OTHVsBayesian.pdf use
d on input line 710.
(pdftex.def)             Requested size: 204.85844pt x 196.54926pt.

<macros/CVsLambdaForContactInteractionHybridVsBayesian.pdf, id=1976, 569.12625p
t x 546.04pt>
File: macros/CVsLambdaForContactInteractionHybridVsBayesian.pdf Graphic file (t
ype pdf)
 <use macros/CVsLambdaForContactInteractionHybridVsBayesian.pdf>
Package pdftex.def Info: macros/CVsLambdaForContactInteractionHybridVsBayesian.
pdf used on input line 711.
(pdftex.def)             Requested size: 213.96527pt x 205.2894pt.

[58

 <./macros/ExclusionPlot_RPPFullStat_OTHVsBayesian.pdf, page is rotated 90 degr
ees> <./macros/CVsLambdaForContactInteractionHybridVsBayesian.pdf, page is rota
ted 90 degrees>]
<figures/pureFrequentistmKK1000GeVScan.pdf, id=2067, 569.12625pt x 525.965pt>
File: figures/pureFrequentistmKK1000GeVScan.pdf Graphic file (type pdf)

<use figures/pureFrequentistmKK1000GeVScan.pdf>
Package pdftex.def Info: figures/pureFrequentistmKK1000GeVScan.pdf used on inpu
t line 728.
(pdftex.def)             Requested size: 227.62204pt x 210.35818pt.

<figures/outputObservationSignificance2UEDRPPmKK1000GeV.pdf, id=2068, 569.12625
pt x 488.82625pt>
File: figures/outputObservationSignificance2UEDRPPmKK1000GeV.pdf Graphic file (
type pdf)

<use figures/outputObservationSignificance2UEDRPPmKK1000GeV.pdf>
Package pdftex.def Info: figures/outputObservationSignificance2UEDRPPmKK1000GeV
.pdf used on input line 754.
(pdftex.def)             Requested size: 218.51521pt x 187.68774pt.

<macros/ExclusionPlot_RPPFullStat_McLimitVsAsymptotic.pdf, id=2069, 569.12625pt
 x 546.04pt>
File: macros/ExclusionPlot_RPPFullStat_McLimitVsAsymptotic.pdf Graphic file (ty
pe pdf)
 <use macros/ExclusionPlot_RPPFullStat_McLimitVsAsymptotic.pdf>
Package pdftex.def Info: macros/ExclusionPlot_RPPFullStat_McLimitVsAsymptotic.p
df used on input line 769.
(pdftex.def)             Requested size: 204.85844pt x 196.54926pt.

<macros/CVsLambdaForContactInteractionHybridVsAsymptotic.pdf, id=2070, 569.1262
5pt x 546.04pt>
File: macros/CVsLambdaForContactInteractionHybridVsAsymptotic.pdf Graphic file 
(type pdf)

<use macros/CVsLambdaForContactInteractionHybridVsAsymptotic.pdf>
Package pdftex.def Info: macros/CVsLambdaForContactInteractionHybridVsAsymptoti
c.pdf used on input line 770.
(pdftex.def)             Requested size: 213.96527pt x 205.2894pt.
 [59 <./figures/pureFrequentistmKK1000GeVScan.pdf, page is rotated 90 degrees>]
) [60 <./figures/outputObservationSignificance2UEDRPPmKK1000GeV.pdf, page is ro
tated 90 degrees> <./macros/ExclusionPlot_RPPFullStat_McLimitVsAsymptotic.pdf, 
page is rotated 90 degrees> <./macros/CVsLambdaForContactInteractionHybridVsAsy
mptotic.pdf, page is rotated 90 degrees>] (./conclusion.tex [61] [62

] [63]) (./hdr.bbl
[64] [65

] [66]) [67] (./hdr.aux) ) 
Here is how much of TeX's memory you used:
 6133 strings out of 493304
 82792 string characters out of 6139871
 173326 words of memory out of 5000000
 9318 multiletter control sequences out of 15000+600000
 31051 words of font info for 77 fonts, out of 8000000 for 9000
 957 hyphenation exceptions out of 8191
 38i,22n,43p,1639b,599s stack positions out of 5000i,500n,10000p,200000b,80000s
{/usr/share/texmf/fonts/enc/dvips/cm-super/cm-super-t
1.enc}</usr/share/texlive/texmf-dist/fonts/type1/public/amsfonts/cm/cmex10.pfb>
</usr/share/texlive/texmf-dist/fonts/type1/public/amsfonts/cmextra/cmex8.pfb></
usr/share/texlive/texmf-dist/fonts/type1/public/amsfonts/cmextra/cmex9.pfb></us
r/share/texlive/texmf-dist/fonts/type1/public/amsfonts/cm/cmmi10.pfb></usr/shar
e/texlive/texmf-dist/fonts/type1/public/amsfonts/cm/cmmi6.pfb></usr/share/texli
ve/texmf-dist/fonts/type1/public/amsfonts/cm/cmmi8.pfb></usr/share/texlive/texm
f-dist/fonts/type1/public/amsfonts/cm/cmmi9.pfb></usr/share/texlive/texmf-dist/
fonts/type1/public/amsfonts/cm/cmr10.pfb></usr/share/texlive/texmf-dist/fonts/t
ype1/public/amsfonts/cm/cmr6.pfb></usr/share/texlive/texmf-dist/fonts/type1/pub
lic/amsfonts/cm/cmr8.pfb></usr/share/texlive/texmf-dist/fonts/type1/public/amsf
onts/cm/cmr9.pfb></usr/share/texlive/texmf-dist/fonts/type1/public/amsfonts/cm/
cmsy10.pfb></usr/share/texlive/texmf-dist/fonts/type1/public/amsfonts/cm/cmsy6.
pfb></usr/share/texlive/texmf-dist/fonts/type1/public/amsfonts/cm/cmsy8.pfb></u
sr/share/texlive/texmf-dist/fonts/type1/public/amsfonts/cm/cmti10.pfb></usr/sha
re/texmf/fonts/type1/public/cm-super/sfbx1095.pfb></usr/share/texmf/fonts/type1
/public/cm-super/sfbx1200.pfb></usr/share/texmf/fonts/type1/public/cm-super/sfb
x1440.pfb></usr/share/texmf/fonts/type1/public/cm-super/sfbx1728.pfb></usr/shar
e/texmf/fonts/type1/public/cm-super/sfbx2074.pfb></usr/share/texmf/fonts/type1/
public/cm-super/sfbx2488.pfb></usr/share/texmf/fonts/type1/public/cm-super/sfcc
1095.pfb></usr/share/texmf/fonts/type1/public/cm-super/sfcc1200.pfb></usr/share
/texmf/fonts/type1/public/cm-super/sfcc1440.pfb></usr/share/texmf/fonts/type1/p
ublic/cm-super/sfrm0600.pfb></usr/share/texmf/fonts/type1/public/cm-super/sfrm0
800.pfb></usr/share/texmf/fonts/type1/public/cm-super/sfrm0900.pfb></usr/share/
texmf/fonts/type1/public/cm-super/sfrm1095.pfb></usr/share/texmf/fonts/type1/pu
blic/cm-super/sfrm1200.pfb></usr/share/texmf/fonts/type1/public/cm-super/sfrm14
40.pfb></usr/share/texmf/fonts/type1/public/cm-super/sfti0900.pfb></usr/share/t
exmf/fonts/type1/public/cm-super/sfti1095.pfb></usr/share/texmf/fonts/type1/pub
lic/cm-super/sfti1200.pfb></usr/share/texmf/fonts/type1/public/cm-super/sftt080
0.pfb></usr/share/texmf/fonts/type1/public/cm-super/sfxc1728.pfb>
Output written on hdr.pdf (73 pages, 1994326 bytes).
PDF statistics:
 2386 PDF objects out of 2487 (max. 8388607)
 1134 compressed objects within 12 object streams
 0 named destinations out of 1000 (max. 500000)
 271 words of extra memory for PDF output out of 10000 (max. 10000000)

